# JRE version: Java(TM) SE Runtime Environment (8.0_151-b12) (build 1.8.0_151-b12)
# Java VM: Java HotSpot(TM) 64-Bit Server VM (25.151-b12 mixed mode windows-amd64 compressed oops)
Heap:
 PSYoungGen      total 18944K, used 160K [0x00000000eab00000, 0x00000000ec000000, 0x0000000100000000)
  eden space 16384K, 0% used [0x00000000eab00000,0x00000000eab00000,0x00000000ebb00000)
  from space 2560K, 6% used [0x00000000ebb00000,0x00000000ebb28000,0x00000000ebd80000)
  to   space 2560K, 0% used [0x00000000ebd80000,0x00000000ebd80000,0x00000000ec000000)
 ParOldGen       total 30208K, used 5668K [0x00000000c0000000, 0x00000000c1d80000, 0x00000000eab00000)
  object space 30208K, 18% used [0x00000000c0000000,0x00000000c0589018,0x00000000c1d80000)
 Metaspace       used 15316K, capacity 15617K, committed 15744K, reserved 1075200K
  class space    used 2272K, capacity 2365K, committed 2432K, reserved 1048576K
GC Heap History (10 events):
Event: 0.919 GC heap before
{Heap before GC invocations=4 (full 0):
 PSYoungGen      total 18944K, used 6162K [0x00000000eab00000, 0x00000000ec000000, 0x0000000100000000)
  eden space 16384K, 22% used [0x00000000eab00000,0x00000000eae86f50,0x00000000ebb00000)
  from space 2560K, 99% used [0x00000000ebb00000,0x00000000ebd7d8c8,0x00000000ebd80000)
  to   space 2560K, 0% used [0x00000000ebd80000,0x00000000ebd80000,0x00000000ec000000)
 ParOldGen       total 44032K, used 1165K [0x00000000c0000000, 0x00000000c2b00000, 0x00000000eab00000)
  object space 44032K, 2% used [0x00000000c0000000,0x00000000c0123748,0x00000000c2b00000)
 Metaspace       used 10047K, capacity 10278K, committed 10368K, reserved 1073152K
  class space    used 1301K, capacity 1379K, committed 1408K, reserved 1048576K
Event: 0.924 GC heap after
Heap after GC invocations=4 (full 0):
 PSYoungGen      total 18944K, used 2557K [0x00000000eab00000, 0x00000000ec000000, 0x0000000100000000)
  eden space 16384K, 0% used [0x00000000eab00000,0x00000000eab00000,0x00000000ebb00000)
  from space 2560K, 99% used [0x00000000ebd80000,0x00000000ebfff460,0x00000000ec000000)
  to   space 2560K, 0% used [0x00000000ebb00000,0x00000000ebb00000,0x00000000ebd80000)
 ParOldGen       total 44032K, used 1210K [0x00000000c0000000, 0x00000000c2b00000, 0x00000000eab00000)
  object space 44032K, 2% used [0x00000000c0000000,0x00000000c012eb10,0x00000000c2b00000)
 Metaspace       used 10047K, capacity 10278K, committed 10368K, reserved 1073152K
  class space    used 1301K, capacity 1379K, committed 1408K, reserved 1048576K
}
Event: 0.924 GC heap before
{Heap before GC invocations=5 (full 1):
 PSYoungGen      total 18944K, used 2557K [0x00000000eab00000, 0x00000000ec000000, 0x0000000100000000)
  eden space 16384K, 0% used [0x00000000eab00000,0x00000000eab00000,0x00000000ebb00000)
  from space 2560K, 99% used [0x00000000ebd80000,0x00000000ebfff460,0x00000000ec000000)
  to   space 2560K, 0% used [0x00000000ebb00000,0x00000000ebb00000,0x00000000ebd80000)
 ParOldGen       total 44032K, used 1210K [0x00000000c0000000, 0x00000000c2b00000, 0x00000000eab00000)
  object space 44032K, 2% used [0x00000000c0000000,0x00000000c012eb10,0x00000000c2b00000)
 Metaspace       used 10047K, capacity 10278K, committed 10368K, reserved 1073152K
  class space    used 1301K, capacity 1379K, committed 1408K, reserved 1048576K
Event: 0.949 GC heap after
Heap after GC invocations=5 (full 1):
 PSYoungGen      total 18944K, used 0K [0x00000000eab00000, 0x00000000ec000000, 0x0000000100000000)
  eden space 16384K, 0% used [0x00000000eab00000,0x00000000eab00000,0x00000000ebb00000)
  from space 2560K, 0% used [0x00000000ebd80000,0x00000000ebd80000,0x00000000ec000000)
  to   space 2560K, 0% used [0x00000000ebb00000,0x00000000ebb00000,0x00000000ebd80000)
 ParOldGen       total 30208K, used 2613K [0x00000000c0000000, 0x00000000c1d80000, 0x00000000eab00000)
  object space 30208K, 8% used [0x00000000c0000000,0x00000000c028d7b8,0x00000000c1d80000)
 Metaspace       used 10047K, capacity 10278K, committed 10368K, reserved 1062912K
  class space    used 1301K, capacity 1379K, committed 1408K, reserved 1048576K
}
Event: 1.609 GC heap before
{Heap before GC invocations=6 (full 1):
 PSYoungGen      total 18944K, used 16384K [0x00000000eab00000, 0x00000000ec000000, 0x0000000100000000)
  eden space 16384K, 100% used [0x00000000eab00000,0x00000000ebb00000,0x00000000ebb00000)
  from space 2560K, 0% used [0x00000000ebd80000,0x00000000ebd80000,0x00000000ec000000)
  to   space 2560K, 0% used [0x00000000ebb00000,0x00000000ebb00000,0x00000000ebd80000)
 ParOldGen       total 30208K, used 2613K [0x00000000c0000000, 0x00000000c1d80000, 0x00000000eab00000)
  object space 30208K, 8% used [0x00000000c0000000,0x00000000c028d7b8,0x00000000c1d80000)
 Metaspace       used 13074K, capacity 13360K, committed 13568K, reserved 1064960K
  class space    used 1684K, capacity 1776K, committed 1792K, reserved 1048576K
Event: 1.617 GC heap after
Heap after GC invocations=6 (full 1):
 PSYoungGen      total 18944K, used 2507K [0x00000000eab00000, 0x00000000ec000000, 0x0000000100000000)
  eden space 16384K, 0% used [0x00000000eab00000,0x00000000eab00000,0x00000000ebb00000)
  from space 2560K, 97% used [0x00000000ebb00000,0x00000000ebd72d68,0x00000000ebd80000)
  to   space 2560K, 0% used [0x00000000ebd80000,0x00000000ebd80000,0x00000000ec000000)
 ParOldGen       total 30208K, used 2613K [0x00000000c0000000, 0x00000000c1d80000, 0x00000000eab00000)
  object space 30208K, 8% used [0x00000000c0000000,0x00000000c028d7b8,0x00000000c1d80000)
 Metaspace       used 13074K, capacity 13360K, committed 13568K, reserved 1064960K
  class space    used 1684K, capacity 1776K, committed 1792K, reserved 1048576K
}
Event: 1.996 GC heap before
{Heap before GC invocations=7 (full 1):
 PSYoungGen      total 18944K, used 17093K [0x00000000eab00000, 0x00000000ec000000, 0x0000000100000000)
  eden space 16384K, 89% used [0x00000000eab00000,0x00000000eb93e9c0,0x00000000ebb00000)
  from space 2560K, 97% used [0x00000000ebb00000,0x00000000ebd72d68,0x00000000ebd80000)
  to   space 2560K, 0% used [0x00000000ebd80000,0x00000000ebd80000,0x00000000ec000000)
 ParOldGen       total 30208K, used 2613K [0x00000000c0000000, 0x00000000c1d80000, 0x00000000eab00000)
  object space 30208K, 8% used [0x00000000c0000000,0x00000000c028d7b8,0x00000000c1d80000)
 Metaspace       used 13890K, capacity 14160K, committed 14336K, reserved 1067008K
  class space    used 1880K, capacity 1946K, committed 2048K, reserved 1048576K
Event: 2.003 GC heap after
Heap after GC invocations=7 (full 1):
 PSYoungGen      total 18944K, used 2544K [0x00000000eab00000, 0x00000000ec000000, 0x0000000100000000)
  eden space 16384K, 0% used [0x00000000eab00000,0x00000000eab00000,0x00000000ebb00000)
  from space 2560K, 99% used [0x00000000ebd80000,0x00000000ebffc010,0x00000000ec000000)
  to   space 2560K, 0% used [0x00000000ebb00000,0x00000000ebb00000,0x00000000ebd80000)
 ParOldGen       total 30208K, used 2861K [0x00000000c0000000, 0x00000000c1d80000, 0x00000000eab00000)
  object space 30208K, 9% used [0x00000000c0000000,0x00000000c02cb7b8,0x00000000c1d80000)
 Metaspace       used 13890K, capacity 14160K, committed 14336K, reserved 1067008K
  class space    used 1880K, capacity 1946K, committed 2048K, reserved 1048576K
}
Event: 2.003 GC heap before
{Heap before GC invocations=8 (full 2):
 PSYoungGen      total 18944K, used 2544K [0x00000000eab00000, 0x00000000ec000000, 0x0000000100000000)
  eden space 16384K, 0% used [0x00000000eab00000,0x00000000eab00000,0x00000000ebb00000)
  from space 2560K, 99% used [0x00000000ebd80000,0x00000000ebffc010,0x00000000ec000000)
  to   space 2560K, 0% used [0x00000000ebb00000,0x00000000ebb00000,0x00000000ebd80000)
 ParOldGen       total 30208K, used 2861K [0x00000000c0000000, 0x00000000c1d80000, 0x00000000eab00000)
  object space 30208K, 9% used [0x00000000c0000000,0x00000000c02cb7b8,0x00000000c1d80000)
 Metaspace       used 13890K, capacity 14160K, committed 14336K, reserved 1067008K
  class space    used 1880K, capacity 1946K, committed 2048K, reserved 1048576K
Event: 2.055 GC heap after
Heap after GC invocations=8 (full 2):
 PSYoungGen      total 18944K, used 0K [0x00000000eab00000, 0x00000000ec000000, 0x0000000100000000)
  eden space 16384K, 0% used [0x00000000eab00000,0x00000000eab00000,0x00000000ebb00000)
  from space 2560K, 0% used [0x00000000ebd80000,0x00000000ebd80000,0x00000000ec000000)
  to   space 2560K, 0% used [0x00000000ebb00000,0x00000000ebb00000,0x00000000ebd80000)
 ParOldGen       total 30208K, used 5256K [0x00000000c0000000, 0x00000000c1d80000, 0x00000000eab00000)
  object space 30208K, 17% used [0x00000000c0000000,0x00000000c0522168,0x00000000c1d80000)
 Metaspace       used 13890K, capacity 14160K, committed 14336K, reserved 1067008K
  class space    used 1880K, capacity 1946K, committed 2048K, reserved 1048576K
}

